app/build/outputs/logs/manifest-merger-debug-report.txt
-- Merging decision tree log ---
manifest
ADDED from src\main\AndroidManifest.xml:2:1-19:12
	package
		ADDED from src\main\AndroidManifest.xml:3:3-25
		INJECTED from src\main\AndroidManifest.xml
		INJECTED from src\main\AndroidManifest.xml
	android:versionName
		ADDED from src\main\AndroidManifest.xml:3:50-75
	android:versionCode
		ADDED from src\main\AndroidManifest.xml:3:26-49
		INJECTED from src\main\AndroidManifest.xml
		INJECTED from src\main\AndroidManifest.xml
	xmlns:android
		ADDED from src\main\AndroidManifest.xml:2:11-69
uses-permission#android.permission.CHANGE_WIFI_STATE
ADDED from src\main\AndroidManifest.xml:5:3-74
	android:name
		ADDED from src\main\AndroidManifest.xml:5:20-71
application
ADDED from src\main\AndroidManifest.xml:6:3-16:17
	android:label
		ADDED from src\main\AndroidManifest.xml:6:46-78
	android:icon
		ADDED from src\main\AndroidManifest.xml:6:16-45
	android:theme
		ADDED from src\main\AndroidManifest.xml:7:5-47
activity#com.marakana.AIDLDemo
ADDED from src\main\AndroidManifest.xml:8:5-13:16
	android:label
		ADDED from src\main\AndroidManifest.xml:8:40-72
	android:name
		ADDED from src\main\AndroidManifest.xml:8:15-39
intent-filter#android.intent.action.MAIN+android.intent.category.LAUNCHER
ADDED from src\main\AndroidManifest.xml:9:7-12:23
action#android.intent.action.MAIN
ADDED from src\main\AndroidManifest.xml:10:9-61
	android:name
		ADDED from src\main\AndroidManifest.xml:10:17-58
category#android.intent.category.LAUNCHER
ADDED from src\main\AndroidManifest.xml:11:9-69
	android:name
		ADDED from src\main\AndroidManifest.xml:11:19-66
service#com.marakana.AdditionService
ADDED from src\main\AndroidManifest.xml:15:5-48
	android:name
		ADDED from src\main\AndroidManifest.xml:15:14-45
uses-sdk
ADDED from src\main\AndroidManifest.xml:17:3-41
	android:targetSdkVersion
		INJECTED from src\main\AndroidManifest.xml
		INJECTED from src\main\AndroidManifest.xml
	android:minSdkVersion
		ADDED from src\main\AndroidManifest.xml:17:13-38
		INJECTED from src\main\AndroidManifest.xml
		INJECTED from src\main\AndroidManifest.xml